/tools/cadence_march2021/XCELIUM2009/tools.lnx86/inca/bin/64bit/xmsim
Obtained 19 stack frames.
/tools/cadence_march2021/XCELIUM2009/tools.lnx86/inca/bin/64bit/../../../lib/64bit/libcbreakpad.so(_Z13use_backtracev+0x9d) [0x7f4166bf8ae9]
/tools/cadence_march2021/XCELIUM2009/tools.lnx86/inca/bin/64bit/../../../lib/64bit/libcbreakpad.so(cbpad_generate_dump_on_demand+0x66) [0x7f4166bf8e3c]
xmsim() [0x1793e5c]
xmsim(serror+0x95) [0x1795565]
xmsim() [0xad8a5c]
/lib64/libpthread.so.0(+0xf630) [0x7f4167cad630]
xmsim() [0xd76440]
xmsim() [0xd5b100]
xmsim(sslu_shm_dump_transition+0xae1) [0xd18561]
/tools/cadence_march2021/XCELIUM2009/tools/lib/64bit/libtbbshm.so(_ZN6tbbshm10ValptrTran7convertEv+0x59) [0x7f4158fb8dd9]
/tools/cadence_march2021/XCELIUM2009/tools/lib/64bit/libtbbshm.so(_ZN6tbbshm21ProbeConversionFilterclEPv+0x67) [0x7f4158fb7427]
/tools/cadence_march2021/XCELIUM2009/tools/lib/64bit/libtbb.so.2(+0x18ed2) [0x7f4158d65ed2]
/tools/cadence_march2021/XCELIUM2009/tools/lib/64bit/libtbb.so.2(+0x287dc) [0x7f4158d757dc]
/tools/cadence_march2021/XCELIUM2009/tools/lib/64bit/libtbb.so.2(+0x23065) [0x7f4158d70065]
/tools/cadence_march2021/XCELIUM2009/tools/lib/64bit/libtbb.so.2(+0x20f8f) [0x7f4158d6df8f]
/tools/cadence_march2021/XCELIUM2009/tools/lib/64bit/libtbb.so.2(+0x1c616) [0x7f4158d69616]
/tools/cadence_march2021/XCELIUM2009/tools/lib/64bit/libtbb.so.2(+0x1c5a6) [0x7f4158d695a6]
/lib64/libpthread.so.0(+0x7ea5) [0x7f4167ca5ea5]
/lib64/libc.so.6(clone+0x6d) [0x7f4166f30b0d]
