2023-04-10 12:22:36.408480 (30360) main____ INFO    ----------------------------------------
2023-04-10 12:22:36.408644 (30360) main____ INFO    JasperGold version info
2023-04-10 12:22:36.408667 (30360) main____ INFO      tool      : JasperGold 2019.12
2023-04-10 12:22:36.408685 (30360) main____ INFO      version   : 2019.12p002 64 bits
2023-04-10 12:22:36.408700 (30360) main____ INFO      build date: 2020.02.27 18:30:54 PST
2023-04-10 12:22:36.408711 (30360) main____ INFO    ----------------------------------------
2023-04-10 12:22:36.408721 (30360) main____ INFO    Runtime info:
2023-04-10 12:22:36.408734 (30360) main____ INFO      platform  : Linux 3.10.0-1160.66.1.el7.x86_64 x86_64
2023-04-10 12:22:36.408750 (30360) main____ INFO      hostname  : compute-srv3.eda.atme.in
2023-04-10 12:22:36.408762 (30360) main____ INFO      pid       : 30360
2023-04-10 12:22:36.408773 (30360) main____ INFO      arguments : '-style' 'windows' '-superlint'
2023-04-10 12:22:36.408790 (30360) main____ INFO      locale    : ISO-8859-1
2023-04-10 12:22:36.408806 (30360) main____ INFO    ----------------------------------------
2023-04-10 12:22:36.408816 (30360) main____ INFO    System resource limits info:
2023-04-10 12:22:36.408827 (30360) main____ INFO      virtual memory: unlimited
2023-04-10 12:22:36.408839 (30360) main____ INFO      cpu time      : unlimited
2023-04-10 12:22:36.408866 (30360) main____ INFO      stack size    : 8388608 B
2023-04-10 12:22:36.408883 (30360) main____ INFO      core file size: 0 B
2023-04-10 12:22:36.408900 (30360) main____ INFO      open files    : 1024
2023-04-10 12:22:36.408912 (30360) main____ INFO      file size     : unlimited
2023-04-10 12:22:36.408923 (30360) main____ INFO    ----------------------------------------
2023-04-10 12:22:36.408933 (30360) main____ INFO    Memory statistics:
2023-04-10 12:22:36.408943 (30360) main____ INFO      total physical memory  : 528067792 kB
2023-04-10 12:22:36.408953 (30360) main____ INFO      free physical memory   : 400862972 kB
2023-04-10 12:22:36.408963 (30360) main____ INFO      committed address space: 207982752 kB
2023-04-10 12:22:36.408973 (30360) main____ INFO    ----------------------------------------
2023-04-10 12:22:36.409050 (30360) main____ INFO    Important environment variables:
2023-04-10 12:22:36.409075 (30360) main____ INFO      CDS_LIC_FILE   : '5280@rbcadence'
2023-04-10 12:22:36.409091 (30360) main____ INFO      DISPLAY        : ':56'
2023-04-10 12:22:36.409105 (30360) main____ INFO      EDITOR         : 'gedit'
2023-04-10 12:22:36.409119 (30360) main____ INFO      LANG           : 'en_US'
2023-04-10 12:22:36.409133 (30360) main____ INFO      LM_LICENSE_FILE: '5280@rbcadence'
2023-04-10 12:22:36.409147 (30360) main____ INFO      SGE_ROOT       : '/tools/sge'
2023-04-10 12:22:36.409157 (30360) main____ INFO    ----------------------------------------
2023-04-10 12:22:36.411482 (30360) lic_core INFO    Initializing license system ...
2023-04-10 12:22:36.415938 (30360) lic_core INFO    ... license system initialized.
2023-04-10 12:22:36.419120 (30360) lic__man INFO    Claim 'main' for <ui>.
2023-04-10 12:22:36.419223 (30360) lic_core INFO    (1) checking out 'jasper_interactive' ...
2023-04-10 12:22:36.442834 (30360) lic_core INFO    ... (1) checkout succeeded
2023-04-10 12:22:36.442963 (30360) lic__man INFO    Claim 'superlint' for <ui>.
2023-04-10 12:22:36.443016 (30360) lic_core INFO    (2) checking out 'jasper_afl' ...
2023-04-10 12:22:36.463271 (30360) lic_core INFO    ... (2) checkout succeeded
2023-04-10 12:22:36.464187 (30360) main____ INFO    Tool inactivity delay is 480000 ms.
2023-04-10 12:22:37.313584 (30360) lic__man INFO    Claim 'superlint' for <ui>.
2023-04-10 12:22:37.863799 (30360) lic__man INFO    Unclaim 'superlint' for <ui>.
2023-04-10 12:22:37.863887 (30360) lic__man INFO    Claim 'superlint' for <ui>.
2023-04-10 12:22:37.870928 (30360) session_ INFO    Starting analysis session with session id 'session_0' (launcher: <local>) ...
2023-04-10 12:22:37.874275 (30360) session_ INFO    Analysis session with session id 'session_0' started (pid: 30377)
2023-04-10 12:22:39.450026 (30360) session_ INFO    Analysis session 'session_0' connected to the console (host: 127.0.0.1:33136)
2023-04-10 12:23:05.649949 (30360) lic__man INFO    Unclaim everything for 'session_0'.
2023-04-10 12:23:20.940234 (30360) lic__man INFO    Claim 'superlint' for 'session_0'.
2023-04-10 12:24:44.500719 (30360) lic__man INFO    Unclaim everything for 'session_0'.
2023-04-10 12:26:51.984408 (30360) lic__man INFO    Unclaim everything for 'session_0'.
2023-04-10 12:26:56.986786 (30360) lic__man INFO    Unclaim everything for 'session_0'.
2023-04-10 12:27:01.040641 (30360) lic__man INFO    Claim 'superlint' for 'session_0'.
2023-04-10 12:33:55.441605 (30360) lic__man INFO    Unclaim everything for 'session_0'.
2023-04-10 12:34:10.447407 (30360) lic__man INFO    Unclaim everything for 'session_0'.
2023-04-10 12:34:19.235930 (30360) lic__man INFO    Claim 'superlint' for 'session_0'.
2023-04-10 12:42:38.611266 (30360) lic__man INFO    Entering idle state.
2023-04-10 12:48:18.469880 (30360) lic__man INFO    Leaving idle state.
2023-04-10 12:49:10.681179 (30360) lic__man INFO    Unclaim everything for 'session_0'.
2023-04-10 12:49:20.591181 (30360) lic__man INFO    Unclaim everything for 'session_0'.
2023-04-10 12:50:02.211509 (30360) lic__man INFO    Claim 'superlint' for 'session_0'.
2023-04-10 12:51:48.115283 (30360) lic__man INFO    Unclaim everything for 'session_0'.
2023-04-10 12:51:56.816466 (30360) lic__man INFO    Unclaim everything for 'session_0'.
2023-04-10 12:52:00.466369 (30360) lic__man INFO    Claim 'superlint' for 'session_0'.
2023-04-10 12:54:02.143590 (30360) lic__man INFO    Unclaim everything for 'session_0'.
2023-04-10 12:54:14.916159 (30360) lic__man INFO    Unclaim everything for 'session_0'.
2023-04-10 12:54:17.803859 (30360) lic__man INFO    Claim 'superlint' for 'session_0'.
2023-04-10 12:55:21.814255 (30360) lic__man INFO    Unclaim everything for 'session_0'.
2023-04-10 13:04:43.734509 (30360) lic__man INFO    Entering idle state.
2023-04-10 13:08:53.023654 (30360) lic__man INFO    Leaving idle state.
2023-04-10 13:09:05.615025 (30360) lic__man INFO    Unclaim everything for 'session_0'.
2023-04-10 13:09:26.283193 (30360) lic__man INFO    Unclaim everything for 'session_0'.
2023-04-10 13:10:05.504217 (30360) lic__man INFO    Claim 'superlint' for 'session_0'.
2023-04-10 13:11:39.115382 (30360) lic__man INFO    Unclaim everything for 'session_0'.
2023-04-10 13:11:40.557391 (30360) lic__man INFO    Unclaim everything for 'session_0'.
2023-04-10 13:11:47.199150 (30360) lic__man INFO    Claim 'superlint' for 'session_0'.
2023-04-10 13:15:35.668133 (30360) lic__man INFO    Unclaim everything for 'session_0'.
2023-04-10 13:16:27.917999 (30360) lic__man INFO    Unclaim everything for 'session_0'.
2023-04-10 13:16:57.883635 (30360) lic__man INFO    Claim 'superlint' for 'session_0'.
2023-04-10 13:25:14.486217 (30360) lic__man INFO    Unclaim everything for 'session_0'.
2023-04-10 13:25:16.061984 (30360) lic__man INFO    Unclaim everything for 'session_0'.
2023-04-10 13:25:19.228951 (30360) lic__man INFO    Claim 'superlint' for 'session_0'.
2023-04-10 13:28:35.386020 (30360) lic__man INFO    Unclaim everything for 'session_0'.
2023-04-10 13:30:05.137545 (30360) lic__man INFO    Unclaim everything for 'session_0'.
2023-04-10 13:30:45.737780 (30360) lic__man INFO    Claim 'superlint' for 'session_0'.
2023-04-10 13:39:05.797972 (30360) lic__man INFO    Unclaim everything for 'session_0'.
2023-04-10 13:39:07.251745 (30360) lic__man INFO    Unclaim everything for 'session_0'.
2023-04-10 13:39:08.195261 (30360) lic__man INFO    Unclaim everything for 'session_0'.
2023-04-10 13:39:16.200931 (30360) lic__man INFO    Claim 'superlint' for 'session_0'.
2023-04-10 13:44:04.269233 (30360) lic__man INFO    Unclaim everything for 'session_0'.
2023-04-10 13:52:32.843640 (30360) lic__man INFO    Entering idle state.
2023-04-10 13:57:49.971606 (30360) lic__man INFO    Leaving idle state.
2023-04-10 14:01:17.148623 (30360) lic__man INFO    Unclaim everything for 'session_0'.
2023-04-10 14:04:30.698506 (30360) lic__man INFO    Unclaim everything for 'session_0'.
2023-04-10 14:05:19.115772 (30360) lic__man INFO    Unclaim everything for 'session_0'.
2023-04-10 14:11:48.052397 (30360) lic__man INFO    Unclaim everything for 'session_0'.
2023-04-10 14:16:56.984922 (30360) lic__man INFO    Unclaim everything for 'session_0'.
2023-04-10 14:26:51.703992 (30360) lic__man INFO    Unclaim everything for 'session_0'.
2023-04-10 14:26:54.485015 (30360) lic__man INFO    Unclaim everything for 'session_0'.
2023-04-10 14:30:06.579447 (30360) lic__man INFO    Claim 'superlint' for 'session_0'.
2023-04-10 14:33:25.922702 (30360) lic__man INFO    Unclaim everything for 'session_0'.
2023-04-10 14:33:27.969179 (30360) lic__man INFO    Unclaim everything for 'session_0'.
2023-04-10 14:33:33.921780 (30360) lic__man INFO    Claim 'superlint' for 'session_0'.
2023-04-10 14:45:09.759476 (30360) lic__man INFO    Unclaim everything for 'session_0'.
2023-04-10 14:45:11.739417 (30360) lic__man INFO    Unclaim everything for 'session_0'.
2023-04-10 14:45:19.836391 (30360) lic__man INFO    Claim 'superlint' for 'session_0'.
2023-04-10 15:07:39.777659 (30360) lic__man INFO    Entering idle state.
